<?xml version="1.0" encoding="UTF-8"?>
<testsuite name="sudoku.SudokuPuzzleTest" tests="3" skipped="0" failures="0" errors="0" timestamp="2023-12-17T19:40:40" hostname="WIN-CGGPDCV177M" time="0.002">
  <properties/>
  <testcase name="testNumInBox" classname="sudoku.SudokuPuzzleTest" time="0.002"/>
  <testcase name="testNumInCol" classname="sudoku.SudokuPuzzleTest" time="0.0"/>
  <testcase name="testNumInRow" classname="sudoku.SudokuPuzzleTest" time="0.0"/>
  <system-out><![CDATA[]]></system-out>
  <system-err><![CDATA[]]></system-err>
</testsuite>
